app/build/intermediates/manifest_merge_blame_file/release/manifest-merger-blame-release-report.txt
1<?xml version="1.0" encoding="utf-8"?>
2<manifest xmlns:android="http://schemas.android.com/apk/res/android"
3    package="com.example.quanlysach"
4    android:versionCode="1"
5    android:versionName="1.0" >
6
7    <uses-sdk
8        android:minSdkVersion="25"
8-->src\main\AndroidManifest.xml
9        android:targetSdkVersion="30" />
9-->src\main\AndroidManifest.xml
10
11    <supports-screens
11-->src\main\AndroidManifest.xml:5:5-9:40
12        android:largeScreens="true"
12-->src\main\AndroidManifest.xml:6:9-36
13        android:normalScreens="true"
13-->src\main\AndroidManifest.xml:7:9-37
14        android:smallScreens="true"
14-->src\main\AndroidManifest.xml:8:9-36
15        android:xlargeScreens="true" />
15-->src\main\AndroidManifest.xml:9:9-37
16
17    <application
17-->src\main\AndroidManifest.xml:11:5-41:19
18        android:allowBackup="true"
18-->src\main\AndroidManifest.xml:12:9-35
19        android:appComponentFactory="androidx.core.app.CoreComponentFactory"
19-->[androidx.core:core:1.3.1] AndroidManifest.xml:24:18-86
20        android:extractNativeLibs="false"
21        android:icon="@mipmap/ic_launcher"
21-->src\main\AndroidManifest.xml:13:9-43
22        android:label="@string/app_name"
22-->src\main\AndroidManifest.xml:14:9-41
23        android:roundIcon="@mipmap/ic_launcher_round"
23-->src\main\AndroidManifest.xml:15:9-54
24        android:supportsRtl="true"
24-->src\main\AndroidManifest.xml:16:9-35
25        android:theme="@style/AppTheme" >
25-->src\main\AndroidManifest.xml:17:9-40
26        <activity android:name="com.example.quanlysach.ListHoaDonChiTietActivity" />
26-->src\main\AndroidManifest.xml:18:9-72
26-->src\main\AndroidManifest.xml:18:19-60
27        <activity android:name="com.example.quanlysach.ListHoaDonActivity" />
27-->src\main\AndroidManifest.xml:19:9-56
27-->src\main\AndroidManifest.xml:19:19-53
28        <activity android:name="com.example.quanlysach.HoaDonChiTietActivity" />
28-->src\main\AndroidManifest.xml:20:9-59
28-->src\main\AndroidManifest.xml:20:19-56
29        <activity android:name="com.example.quanlysach.ListSachActivity" />
29-->src\main\AndroidManifest.xml:21:9-54
29-->src\main\AndroidManifest.xml:21:19-51
30        <activity android:name="com.example.quanlysach.NguyoiDungDetailActivity" />
30-->src\main\AndroidManifest.xml:22:9-62
30-->src\main\AndroidManifest.xml:22:19-59
31        <activity android:name="com.example.quanlysach.ThongKeActivity" />
31-->src\main\AndroidManifest.xml:23:9-53
31-->src\main\AndroidManifest.xml:23:19-50
32        <activity android:name="com.example.quanlysach.TopSachActivity" />
32-->src\main\AndroidManifest.xml:24:9-53
32-->src\main\AndroidManifest.xml:24:19-50
33        <activity android:name="com.example.quanlysach.HoaDonActivity" />
33-->src\main\AndroidManifest.xml:25:9-52
33-->src\main\AndroidManifest.xml:25:19-49
34        <activity android:name="com.example.quanlysach.SachActivity" />
34-->src\main\AndroidManifest.xml:26:9-50
34-->src\main\AndroidManifest.xml:26:19-47
35        <activity android:name="com.example.quanlysach.ListNguoiDungActivity" />
35-->src\main\AndroidManifest.xml:27:9-59
35-->src\main\AndroidManifest.xml:27:19-56
36        <activity android:name="com.example.quanlysach.ListTheLoaiActivity" />
36-->src\main\AndroidManifest.xml:28:9-57
36-->src\main\AndroidManifest.xml:28:19-54
37        <activity android:name="com.example.quanlysach.TheLoaiActivity" />
37-->src\main\AndroidManifest.xml:29:9-53
37-->src\main\AndroidManifest.xml:29:19-50
38        <activity android:name="com.example.quanlysach.NguoiDungActivity" />
38-->src\main\AndroidManifest.xml:30:9-55
38-->src\main\AndroidManifest.xml:30:19-52
39        <activity android:name="com.example.quanlysach.ScreenFlash" >
39-->src\main\AndroidManifest.xml:31:9-37:20
39-->src\main\AndroidManifest.xml:31:19-46
40            <intent-filter>
40-->src\main\AndroidManifest.xml:32:13-36:29
41                <action android:name="android.intent.action.MAIN" />
41-->src\main\AndroidManifest.xml:33:17-69
41-->src\main\AndroidManifest.xml:33:25-66
42
43                <category android:name="android.intent.category.LAUNCHER" />
43-->src\main\AndroidManifest.xml:35:17-77
43-->src\main\AndroidManifest.xml:35:27-74
44            </intent-filter>
45        </activity>
46        <activity android:name="com.example.quanlysach.ChangePassActivity" />
46-->src\main\AndroidManifest.xml:38:9-56
46-->src\main\AndroidManifest.xml:38:19-53
47        <activity android:name="com.example.quanlysach.LoginActivity" />
47-->src\main\AndroidManifest.xml:39:9-51
47-->src\main\AndroidManifest.xml:39:19-48
48        <activity android:name="com.example.quanlysach.MainActivity" />
48-->src\main\AndroidManifest.xml:40:9-50
48-->src\main\AndroidManifest.xml:40:19-47
49    </application>
50
51</manifest>